<?xml version="1.0" encoding="UTF-8"?>
<testng-results ignored="0" total="1" passed="1" failed="0" skipped="0">
  <reporter-output>
  </reporter-output>
  <suite started-at="2021-05-29T13:53:03 IST" name="Default suite" finished-at="2021-05-29T13:53:30 IST" duration-ms="27805">
    <groups>
    </groups>
    <test started-at="2021-05-29T13:53:03 IST" name="Default test" finished-at="2021-05-29T13:53:30 IST" duration-ms="27805">
      <class name="Skillrary.scripts.Demo">
        <test-method is-config="true" signature="configBS()[pri:0, instance:Skillrary.scripts.Demo@4da4253]" started-at="2021-05-29T13:53:02 IST" name="configBS" finished-at="2021-05-29T13:53:03 IST" duration-ms="444" status="PASS">
          <reporter-output>
          </reporter-output>
        </test-method> <!-- configBS -->
        <test-method is-config="true" signature="openApp()[pri:0, instance:Skillrary.scripts.Demo@4da4253]" started-at="2021-05-29T13:53:03 IST" name="openApp" finished-at="2021-05-29T13:53:19 IST" duration-ms="16927" status="PASS">
          <reporter-output>
          </reporter-output>
        </test-method> <!-- openApp -->
        <test-method signature="details()[pri:0, instance:Skillrary.scripts.Demo@4da4253]" started-at="2021-05-29T13:53:20 IST" name="details" finished-at="2021-05-29T13:53:29 IST" duration-ms="9397" status="PASS">
          <reporter-output>
          </reporter-output>
        </test-method> <!-- details -->
        <test-method is-config="true" signature="closeApp(org.testng.ITestResult)[pri:0, instance:Skillrary.scripts.Demo@4da4253]" started-at="2021-05-29T13:53:29 IST" name="closeApp" finished-at="2021-05-29T13:53:30 IST" duration-ms="1410" status="PASS">
          <params>
            <param index="0">
              <value>
                <![CDATA[[TestResult name=details status=SUCCESS method=Demo.details()[pri:0, instance:Skillrary.scripts.Demo@4da4253] output={null}]]]>
              </value>
            </param>
          </params>
          <reporter-output>
          </reporter-output>
        </test-method> <!-- closeApp -->
        <test-method is-config="true" signature="configAS()[pri:0, instance:Skillrary.scripts.Demo@4da4253]" started-at="2021-05-29T13:53:30 IST" name="configAS" finished-at="2021-05-29T13:53:30 IST" duration-ms="3" status="PASS">
          <reporter-output>
          </reporter-output>
        </test-method> <!-- configAS -->
      </class> <!-- Skillrary.scripts.Demo -->
    </test> <!-- Default test -->
  </suite> <!-- Default suite -->
</testng-results>
